processor	: 0
model name	: ARMv7 Processor rev 3 (v7l)
BogoMIPS	: 2387.14
Features	: half thumb fastmult vfp edsp thumbee neon vfpv3 tls vfpd32 
CPU implementer	: 0x41
CPU architecture: 7
CPU variant	: 0x1
CPU part	: 0xc09
CPU revision	: 3

processor	: 1
model name	: ARMv7 Processor rev 3 (v7l)
BogoMIPS	: 2393.70
Features	: half thumb fastmult vfp edsp thumbee neon vfpv3 tls vfpd32 
CPU implementer	: 0x41
CPU architecture: 7
CPU variant	: 0x1
CPU part	: 0xc09
CPU revision	: 3

Hardware	: Generic OMAP4 (Flattened Device Tree)
Revision	: 0000
Serial		: 0000000000000000
